<?xml version="1.0" encoding="UTF-8"?>
<!-- Generated by org.testng.reporters.JUnitXMLReporter -->
<testsuite ignored="0" hostname="LAPTOP-C0MR8N4T" failures="1" tests="15" name="sysmatechTest" time="674.035" errors="0" timestamp="2023-04-12T18:02:04 IST">
  <testcase classname="com.sysmatech.TestCases.Tc_Asset_Create_034" name="CreateAssert" time="52.664"/>
  <testcase classname="com.sysmatech.TestCases.Tc_Asset_Edit_035" name="Edit" time="58.516"/>
  <testcase classname="com.sysmatech.TestCases.Tc_Asset_Copy_036" name="CreateAssetCopy" time="39.773"/>
  <testcase classname="com.sysmatech.TestCases.Tc_Asset_Delete_037" name="AssetDelete" time="35.823"/>
  <testcase classname="com.sysmatech.TestCases.Tc_Asset_DeleteInBulk_038" name="AssetBulkDelete" time="38.34"/>
  <testcase classname="com.sysmatech.TestCases.Tc_Asset_GenerateLabelsCreate_039" name="GeneratedAsset" time="24.626"/>
  <testcase classname="com.sysmatech.TestCases.Tc_Asset_BulkCheckOut_040" name="BulkCheckout" time="41.604">
    <failure type="org.openqa.selenium.NoSuchWindowException" message="no such window: target window already closed
from unknown error: web view not found
  (Session info: chrome=111.0.5563.148)
Build info: version: &amp;apos;4.7.2&amp;apos;, revision: &amp;apos;4d4020c3b7&amp;apos;
System info: os.name: &amp;apos;Windows 10&amp;apos;, os.arch: &amp;apos;amd64&amp;apos;, os.version: &amp;apos;10.0&amp;apos;, java.version: &amp;apos;17&amp;apos;
Driver info: org.openqa.selenium.chrome.ChromeDriver
Command: [6fa2a13113833ab17d7f13e6c02d5d48, findElement {using=xpath, value=(//span[@role=&amp;apos;presentation&amp;apos;])[1]}]
Capabilities {acceptInsecureCerts: false, browserName: chrome, browserVersion: 111.0.5563.148, chrome: {chromedriverVersion: 111.0.5563.64 (c710e93d5b63..., userDataDir: C:\Users\rakesh\AppData\Loc...}, goog:chromeOptions: {debuggerAddress: localhost:55963}, networkConnectionEnabled: false, pageLoadStrategy: normal, platformName: WINDOWS, proxy: Proxy(), se:cdp: ws://localhost:55963/devtoo..., se:cdpVersion: 111.0.5563.148, setWindowRect: true, strictFileInteractability: false, timeouts: {implicit: 0, pageLoad: 300000, script: 30000}, unhandledPromptBehavior: dismiss and notify, webauthn:extension:credBlob: true, webauthn:extension:largeBlob: true, webauthn:extension:minPinLength: true, webauthn:extension:prf: true, webauthn:virtualAuthenticators: true}
Session ID: 6fa2a13113833ab17d7f13e6c02d5d48">
      <![CDATA[org.openqa.selenium.NoSuchWindowException: no such window: target window already closed
from unknown error: web view not found
  (Session info: chrome=111.0.5563.148)
Build info: version: '4.7.2', revision: '4d4020c3b7'
System info: os.name: 'Windows 10', os.arch: 'amd64', os.version: '10.0', java.version: '17'
Driver info: org.openqa.selenium.chrome.ChromeDriver
Command: [6fa2a13113833ab17d7f13e6c02d5d48, findElement {using=xpath, value=(//span[@role='presentation'])[1]}]
Capabilities {acceptInsecureCerts: false, browserName: chrome, browserVersion: 111.0.5563.148, chrome: {chromedriverVersion: 111.0.5563.64 (c710e93d5b63..., userDataDir: C:\Users\rakesh\AppData\Loc...}, goog:chromeOptions: {debuggerAddress: localhost:55963}, networkConnectionEnabled: false, pageLoadStrategy: normal, platformName: WINDOWS, proxy: Proxy(), se:cdp: ws://localhost:55963/devtoo..., se:cdpVersion: 111.0.5563.148, setWindowRect: true, strictFileInteractability: false, timeouts: {implicit: 0, pageLoad: 300000, script: 30000}, unhandledPromptBehavior: dismiss and notify, webauthn:extension:credBlob: true, webauthn:extension:largeBlob: true, webauthn:extension:minPinLength: true, webauthn:extension:prf: true, webauthn:virtualAuthenticators: true}
Session ID: 6fa2a13113833ab17d7f13e6c02d5d48
at org.openqa.selenium.remote.codec.w3c.W3CHttpResponseCodec.createException(W3CHttpResponseCodec.java:200)
at org.openqa.selenium.remote.codec.w3c.W3CHttpResponseCodec.decode(W3CHttpResponseCodec.java:133)
at org.openqa.selenium.remote.codec.w3c.W3CHttpResponseCodec.decode(W3CHttpResponseCodec.java:53)
at org.openqa.selenium.remote.HttpCommandExecutor.execute(HttpCommandExecutor.java:184)
at org.openqa.selenium.remote.service.DriverCommandExecutor.invokeExecute(DriverCommandExecutor.java:167)
at org.openqa.selenium.remote.service.DriverCommandExecutor.execute(DriverCommandExecutor.java:142)
at org.openqa.selenium.remote.RemoteWebDriver.execute(RemoteWebDriver.java:535)
at org.openqa.selenium.remote.ElementLocation$ElementFinder$2.findElement(ElementLocation.java:162)
at org.openqa.selenium.remote.ElementLocation.findElement(ElementLocation.java:60)
at org.openqa.selenium.remote.RemoteWebDriver.findElement(RemoteWebDriver.java:351)
at org.openqa.selenium.remote.RemoteWebDriver.findElement(RemoteWebDriver.java:343)
at org.openqa.selenium.support.pagefactory.DefaultElementLocator.findElement(DefaultElementLocator.java:70)
at org.openqa.selenium.support.pagefactory.internal.LocatingElementHandler.invoke(LocatingElementHandler.java:39)
at jdk.proxy2/jdk.proxy2.$Proxy21.click(Unknown Source)
at com.sysmatech.PageObject.Asset_CreateAssetBulkCheckOutPage.setBulkCheckOutBtn(Asset_CreateAssetBulkCheckOutPage.java:83)
at com.sysmatech.TestCases.Tc_Asset_BulkCheckOut_040.BulkCheckout(Tc_Asset_BulkCheckOut_040.java:22)
at java.base/java.util.ArrayList.forEach(ArrayList.java:1511)
... Removed 32 stack frames]]>
    </failure>
  </testcase> <!-- BulkCheckout -->
  <testcase classname="com.sysmatech.TestCases.Tc_Settings_WorkOrderPriorityCreate_055" name="WOPrioritiesCreate" time="39.35"/>
  <testcase classname="com.sysmatech.TestCases.Tc_Settings_WorkOrderPriorityCreate_055" name="WOPrioritiesCreate2" time="43.55"/>
  <testcase classname="com.sysmatech.TestCases.Tc_Settings_WorkOrderPriority_Update_056" name="CustomField" time="30.191"/>
  <testcase classname="com.sysmatech.TestCases.Tc_Settings_WorkOrderPriority_Delete_057" name="CustomField" time="25.528"/>
  <testcase classname="com.sysmatech.TestCases.Tc_Settings_WorkOrder_CategoriesCreate_058" name="WOCategories1" time="47.493"/>
  <testcase classname="com.sysmatech.TestCases.Tc_Settings_WorkOrder_CategoriesCreate_058" name="WOCategories2" time="30.561"/>
  <testcase classname="com.sysmatech.TestCases.Tc_Settings_WorkOrder_CategoriesUpdate_59" name="WOCategoriesUpdate" time="36.693"/>
  <testcase classname="com.sysmatech.TestCases.Tc_Settings_WorkOrderCategories_Delete_060" name="WOCategoriesDelete" time="36.072"/>
</testsuite> <!-- sysmatechTest -->
